51  $_POST = array (
  'tA_S_ID' => 'Abcdxyz',
  'tA_StudentName' => 'Tim T. Test',
  'session_id' => '24i8shsiuh6qqpbhj36id3sdh3',
  'tA_id' => '213575',
  'tG_AssignmentName' => 'gA_clockwise_counterclockwise',
  'tA_StopRec' => '3',
  'tA_StartRec' => '1',
  'tC_Correct' => '1',
  'tC_ServerTimeStarted' => '1455229159.218',
  'tC_ClientTimeStarted' => '1455229159846',
  'tC_Time_client_processed_answer' => '1455230338179',
  'tC_Question_and_Response' => 'clockwise',
  'tC_More_data_about_response' => '',
  'tA_ErrorsMade' => '0',
  'tA_LocalDateTime' => '1455230338',
  'tA_RepsTowardM' => 'Plus1',
)

65  $_SESSION = array (
  'tC_ServerTimeStarted' => 1455230338.1876161,
  'from' => '63  /var/www/html/jimfuqua/tutorW/scripts/cAssignment_get_next_lesson.php',
)

71  $_data = array (
  'tC_ServerTimeStarted' => '1455229159.218',
  'from' => '63  /var/www/html/jimfuqua/tutorW/scripts/cAssignment_get_next_lesson.php',
  'tA_S_ID' => 'Abcdxyz',
  'tA_StudentName' => 'Tim T. Test',
  'session_id' => '24i8shsiuh6qqpbhj36id3sdh3',
  'tA_id' => '213575',
  'tG_AssignmentName' => 'gA_clockwise_counterclockwise',
  'tA_StopRec' => '3',
  'tA_StartRec' => '1',
  'tC_Correct' => '1',
  'tC_ClientTimeStarted' => '1455229159846',
  'tC_Time_client_processed_answer' => '1455230338179',
  'tC_Question_and_Response' => 'clockwise',
  'tC_More_data_about_response' => '',
  'tA_ErrorsMade' => '0',
  'tA_LocalDateTime' => '1455230338',
  'tA_RepsTowardM' => 'Plus1',
)


91 $_data["tA_S_ID"] = Abcdxyz


104 $_data = array (
  'tC_ServerTimeStarted' => '1455229159.218',
  'from' => '63  /var/www/html/jimfuqua/tutorW/scripts/cAssignment_get_next_lesson.php',
  'tA_S_ID' => 'Abcdxyz',
  'tA_StudentName' => 'Tim T. Test',
  'session_id' => '24i8shsiuh6qqpbhj36id3sdh3',
  'tA_id' => '213575',
  'tG_AssignmentName' => 'gA_clockwise_counterclockwise',
  'tA_StopRec' => '3',
  'tA_StartRec' => '1',
  'tC_Correct' => '1',
  'tC_ClientTimeStarted' => '1455229159846',
  'tC_Time_client_processed_answer' => '1455230338179',
  'tC_Question_and_Response' => 'clockwise',
  'tC_More_data_about_response' => '',
  'tA_ErrorsMade' => '0',
  'tA_LocalDateTime' => '1455230338',
  'tA_RepsTowardM' => 'Plus1',
  'last_gA' => NULL,
)



110 $_SESSION = array (
  'tC_ServerTimeStarted' => '1455229159.218',
  'from' => '63  /var/www/html/jimfuqua/tutorW/scripts/cAssignment_get_next_lesson.php',
  'tA_S_ID' => 'Abcdxyz',
  'tA_StudentName' => 'Tim T. Test',
  'session_id' => '24i8shsiuh6qqpbhj36id3sdh3',
  'tA_id' => '213575',
  'tG_AssignmentName' => 'gA_clockwise_counterclockwise',
  'tA_StopRec' => '3',
  'tA_StartRec' => '1',
  'tC_Correct' => '1',
  'tC_ClientTimeStarted' => '1455229159846',
  'tC_Time_client_processed_answer' => '1455230338179',
  'tC_Question_and_Response' => 'clockwise',
  'tC_More_data_about_response' => '',
  'tA_ErrorsMade' => '0',
  'tA_LocalDateTime' => '1455230338',
  'tA_RepsTowardM' => 'Plus1',
  'last_gA' => NULL,
)



119 $lesson = array (
  'tA_id' => '213575',
  'tA_S_ID' => 'Abcdxyz',
  'tA_StudentName' => 'Tim T. Test',
  'tG_AssignmentName' => 'gA_clockwise_counterclockwise',
  'tA_Consecutive_Reps_OK' => '1',
  'tA_Parameter' => NULL,
  'tA_Immediate_Loops' => '0',
  'tA_StartRec' => '1',
  'tA_StopRec' => '3',
  'tG_Reps_to_master' => '30',
  'tG_Errors_Allowed' => '0',
  'tA_RepsTowardM' => '3',
  'tA_ErrorsMade' => NULL,
  'tA_PercentTime' => 33.333333333333336,
  'tA_SumPercent' => 100,
  'tA_QueOrder' => '0',
  'tA_SavedAssignment' => NULL,
  'tA_SavedStartRec' => NULL,
  'tA_PostDateIncrement' => '2',
  'tA_Post_date' => '1455229161.223',
  'tA_iterations_to_do' => NULL,
  'tA_OriginalTimestamp' => '0',
  'tA_LastModifiedDateTime' => '2016-02-11 16:19:19',
  'tA_LocalDateTime' => '2016-02-11 22:19:19',
)


128 microtime(true) = 1455230338.4647


130 $_SESSION = array (
  'tC_ServerTimeStarted' => '1455229159.218',
  'from' => '63  /var/www/html/jimfuqua/tutorW/scripts/cAssignment_get_next_lesson.php',
  'tA_S_ID' => 'Abcdxyz',
  'tA_StudentName' => 'Tim T. Test',
  'session_id' => '24i8shsiuh6qqpbhj36id3sdh3',
  'tA_id' => '213575',
  'tG_AssignmentName' => 'gA_clockwise_counterclockwise',
  'tA_StopRec' => '3',
  'tA_StartRec' => '1',
  'tC_Correct' => '1',
  'tC_ClientTimeStarted' => '1455229159846',
  'tC_Time_client_processed_answer' => '1455230338179',
  'tC_Question_and_Response' => 'clockwise',
  'tC_More_data_about_response' => '',
  'tA_ErrorsMade' => '0',
  'tA_LocalDateTime' => '1455230338',
  'tA_RepsTowardM' => 'Plus1',
  'last_gA' => NULL,
  'tG_StartStop' => '',
  'tG_Split' => NULL,
  'tG_ThreadName' => '',
  'tG_path_to_lesson' => 'lessons/clockwise_counterclockwise/
',
  'tG_FormName' => 'clockwise_counterclockwise.php',
  'tG_DataFile' => NULL,
  'tG_Parameters' => '',
  'tG_Consequtive_Reps_OK' => '1',
  'tG_Reps_to_master' => '10',
  'tG_Errors_Allowed' => '0',
  'tG_Minimum_completion_time' => '0',
  'tG_Maximum_completion_time' => '2',
  'tG_StartRec' => '1',
  'tG_StopRec' => NULL,
  'tG_Immediate_Loops' => '1',
  'tG_RepsPerRecord' => '1',
  'tG_RecordsPerSet' => '20',
  'tG_Lesson_if_Correct' => '',
  'tG_Record_if_Correct' => '0',
  'tG_Lesson_if_Error' => 'clockwise_counterclockwise',
  'tG_Record_if_Error' => '0',
)


134 microtime(true) = 0.46480500 1455230338


138 $file = lessons/clockwise_counterclockwise/clockwise_counterclockwise.php

144 cA go_next = http://jim-fuqua.com/lessons/clockwise_counterclockwise/clockwise_counterclockwise.php
