$_SESSION = array (
  'session_path' => '/var/lib/php5',
  'session_id' => '46m4hrbi1pqb10kgo7u92b4ai5',
  'tA_StudentName' => 'Tim T. Test',
  'tA_S_ID' => 'Abcdxyz',
  'tC_ServerTimeStarted' => 1452988296.8310001,
  'tA_StartRec' => '1',
  'tA_StopRec' => '3',
  'tA_RepsTowardM' => '3',
  'tG_Reps_to_master' => '30',
  'tA_PercentTime' => '55',
  'tA_LocalDateTime' => '2016-01-16 17:51:36',
  'tG_AssignmentName' => 'gA_one_digit_addition_vertical_clues',
  'tA_PostDateIncrement' => 2,
  'tA_Post_date' => 1452988298.836,
  'tA_id' => '211250',
)

one_digit_addition_vertical.php in object in container.php 
$_SESSION['views']=1
$_SESSION['session_id']=46m4hrbi1pqb10kgo7u92b4ai5
$_SESSION['tA_StudentName']=Tim T. Test
